<?xml version="1.0" encoding="UTF-8" ?>
<testsuite tests="2" failures="0" name="testRunner.TestRunner" time="0.503" errors="2" skipped="0">
  <properties>
[...]
</properties>
  <testcase classname="Login feature" name="Verify that user can successfully create an appointment" time="0.431">
    <error type="java.lang.NullPointerException">java.lang.NullPointerException
	at stepDefinition.AppointmentSteps.userVisitsTheUrl(AppointmentSteps.java:24)
	at ✽.user visits the url(file:///E:/SeleniumProject/Demo/src/test/java/features/Appointment.feature:4)
</error>
    <system-out>
@Release
Scenario: Verify that user can successfully create an appointment &amp;#27;[90m# src/test/java/features/Appointment.feature:10&amp;#27;[0m
  &amp;#27;[31mGiven &amp;#27;[0m&amp;#27;[31muser visits the url&amp;#27;[0m                                       &amp;#27;[90m# stepDefinition.AppointmentSteps.userVisitsTheUrl()&amp;#27;[0m
      &amp;#27;[31mjava.lang.NullPointerException
	at stepDefinition.AppointmentSteps.userVisitsTheUrl(AppointmentSteps.java:24)
	at âœ½.user visits the url(file:///E:/SeleniumProject/Demo/src/test/java/features/Appointment.feature:4)
&amp;#27;[0m
  &amp;#27;[36mWhen &amp;#27;[0m&amp;#27;[36menter email and password&amp;#27;[0m                                   &amp;#27;[90m# stepDefinition.AppointmentSteps.enterEmailAndPassword()&amp;#27;[0m
  &amp;#27;[36mAnd &amp;#27;[0m&amp;#27;[36mclick button signin&amp;#27;[0m                                         &amp;#27;[90m# stepDefinition.AppointmentSteps.clickButtonSignin()&amp;#27;[0m
  &amp;#27;[36mAnd &amp;#27;[0m&amp;#27;[36mclick buttonNo&amp;#27;[0m                                              &amp;#27;[90m# stepDefinition.AppointmentSteps.clickButtonNo()&amp;#27;[0m
  &amp;#27;[36mThen &amp;#27;[0m&amp;#27;[36muser will successfully login&amp;#27;[0m                               &amp;#27;[90m# stepDefinition.AppointmentSteps.userWillSuccessfullyLogin()&amp;#27;[0m
  &amp;#27;[36mGiven &amp;#27;[0m&amp;#27;[36muser click boxIcon&amp;#27;[0m                                        &amp;#27;[90m# stepDefinition.AppointmentSteps.userClickBoxIcon()&amp;#27;[0m
  &amp;#27;[36mAnd &amp;#27;[0m&amp;#27;[36mvisit appointment page&amp;#27;[0m                                      &amp;#27;[90m# stepDefinition.AppointmentSteps.visitAppointmentPage()&amp;#27;[0m
  &amp;#27;[36mAnd &amp;#27;[0m&amp;#27;[36mcreate an appointment&amp;#27;[0m                                       &amp;#27;[90m# stepDefinition.AppointmentSteps.createAppointment()&amp;#27;[0m
</system-out>
  </testcase>
  <testcase classname="Login feature" name="Verify that user can successfully cancel this appointment" time="0.072">
    <error type="java.lang.NullPointerException">java.lang.NullPointerException
	at stepDefinition.AppointmentSteps.userVisitsTheUrl(AppointmentSteps.java:24)
	at ✽.user visits the url(file:///E:/SeleniumProject/Demo/src/test/java/features/Appointment.feature:4)
</error>
    <system-out>
@Release
Scenario: Verify that user can successfully cancel this appointment &amp;#27;[90m# src/test/java/features/Appointment.feature:15&amp;#27;[0m
  &amp;#27;[31mGiven &amp;#27;[0m&amp;#27;[31muser visits the url&amp;#27;[0m                                         &amp;#27;[90m# stepDefinition.AppointmentSteps.userVisitsTheUrl()&amp;#27;[0m
      &amp;#27;[31mjava.lang.NullPointerException
	at stepDefinition.AppointmentSteps.userVisitsTheUrl(AppointmentSteps.java:24)
	at âœ½.user visits the url(file:///E:/SeleniumProject/Demo/src/test/java/features/Appointment.feature:4)
&amp;#27;[0m
  &amp;#27;[36mWhen &amp;#27;[0m&amp;#27;[36menter email and password&amp;#27;[0m                                     &amp;#27;[90m# stepDefinition.AppointmentSteps.enterEmailAndPassword()&amp;#27;[0m
  &amp;#27;[36mAnd &amp;#27;[0m&amp;#27;[36mclick button signin&amp;#27;[0m                                           &amp;#27;[90m# stepDefinition.AppointmentSteps.clickButtonSignin()&amp;#27;[0m
  &amp;#27;[36mAnd &amp;#27;[0m&amp;#27;[36mclick buttonNo&amp;#27;[0m                                                &amp;#27;[90m# stepDefinition.AppointmentSteps.clickButtonNo()&amp;#27;[0m
  &amp;#27;[36mThen &amp;#27;[0m&amp;#27;[36muser will successfully login&amp;#27;[0m                                 &amp;#27;[90m# stepDefinition.AppointmentSteps.userWillSuccessfullyLogin()&amp;#27;[0m
  &amp;#27;[36mGiven &amp;#27;[0m&amp;#27;[36muser click boxIcon&amp;#27;[0m                                          &amp;#27;[90m# stepDefinition.AppointmentSteps.userClickBoxIcon()&amp;#27;[0m
  &amp;#27;[36mAnd &amp;#27;[0m&amp;#27;[36mvisit appointment page&amp;#27;[0m                                        &amp;#27;[90m# stepDefinition.AppointmentSteps.visitAppointmentPage()&amp;#27;[0m
  &amp;#27;[36mAnd &amp;#27;[0m&amp;#27;[36mcancel appointment&amp;#27;[0m                                            &amp;#27;[90m# stepDefinition.AppointmentSteps.cancelAppointment()&amp;#27;[0m
</system-out>
  </testcase>
</testsuite>